C:\Users\JH\Documents\Visual Studio 2010\Projects\TelnetClient\Debug\cl.command.1.tlog
C:\Users\JH\Documents\Visual Studio 2010\Projects\TelnetClient\Debug\CL.read.1.tlog
C:\Users\JH\Documents\Visual Studio 2010\Projects\TelnetClient\Debug\CL.write.1.tlog
C:\Users\JH\Documents\Visual Studio 2010\Projects\TelnetClient\Debug\link.14492.read.1.tlog
C:\Users\JH\Documents\Visual Studio 2010\Projects\TelnetClient\Debug\link.14492.write.1.tlog
C:\Users\JH\Documents\Visual Studio 2010\Projects\TelnetClient\Debug\link.14492-cvtres.read.1.tlog
C:\Users\JH\Documents\Visual Studio 2010\Projects\TelnetClient\Debug\link.14492-cvtres.write.1.tlog
C:\Users\JH\Documents\Visual Studio 2010\Projects\TelnetClient\Debug\link.command.1.tlog
C:\Users\JH\Documents\Visual Studio 2010\Projects\TelnetClient\Debug\link.read.1.tlog
C:\Users\JH\Documents\Visual Studio 2010\Projects\TelnetClient\Debug\link.write.1.tlog
C:\Users\JH\Documents\Visual Studio 2010\Projects\TelnetClient\Debug\link-cvtres.read.1.tlog
C:\Users\JH\Documents\Visual Studio 2010\Projects\TelnetClient\Debug\link-cvtres.write.1.tlog
C:\USERS\JH\DOCUMENTS\VISUAL STUDIO 2010\PROJECTS\TELNETCLIENT\DEBUG\MAIN.OBJ
C:\Users\JH\Documents\Visual Studio 2010\Projects\TelnetClient\Debug\mt.command.1.tlog
C:\Users\JH\Documents\Visual Studio 2010\Projects\TelnetClient\Debug\mt.read.1.tlog
C:\Users\JH\Documents\Visual Studio 2010\Projects\TelnetClient\Debug\mt.write.1.tlog
C:\Users\JH\Documents\Visual Studio 2010\Projects\TelnetClient\Debug\rc.command.1.tlog
C:\Users\JH\Documents\Visual Studio 2010\Projects\TelnetClient\Debug\rc.read.1.tlog
C:\Users\JH\Documents\Visual Studio 2010\Projects\TelnetClient\Debug\rc.write.1.tlog
C:\USERS\JH\DOCUMENTS\VISUAL STUDIO 2010\PROJECTS\TELNETCLIENT\DEBUG\TELNET.EXE
C:\USERS\JH\DOCUMENTS\VISUAL STUDIO 2010\PROJECTS\TELNETCLIENT\DEBUG\TELNET.EXE.EMBED.MANIFEST
C:\USERS\JH\DOCUMENTS\VISUAL STUDIO 2010\PROJECTS\TELNETCLIENT\DEBUG\TELNET.EXE.EMBED.MANIFEST.RES
C:\USERS\JH\DOCUMENTS\VISUAL STUDIO 2010\PROJECTS\TELNETCLIENT\DEBUG\TELNET.EXE.INTERMEDIATE.MANIFEST
C:\USERS\JH\DOCUMENTS\VISUAL STUDIO 2010\PROJECTS\TELNETCLIENT\DEBUG\TELNET.ILK
C:\USERS\JH\DOCUMENTS\VISUAL STUDIO 2010\PROJECTS\TELNETCLIENT\DEBUG\TELNET.OBJ
C:\USERS\JH\DOCUMENTS\VISUAL STUDIO 2010\PROJECTS\TELNETCLIENT\DEBUG\TELNET.PDB
C:\Users\JH\Documents\Visual Studio 2010\Projects\TelnetClient\Debug\telnet_manifest.rc
C:\USERS\JH\DOCUMENTS\VISUAL STUDIO 2010\PROJECTS\TELNETCLIENT\DEBUG\VC100.PDB
