Build started 11-Sep-12 10:55:41.
     1>Project "C:\Users\JH\Documents\Visual Studio 2010\Projects\TelnetClient\telnet.vcxproj" on node 2 (build target(s)).
     1>InitializeBuildStatus:
         Creating "Debug\telnet.unsuccessfulbuild" because "AlwaysCreate" was specified.
       ClCompile:
         C:\Program Files (x86)\Microsoft Visual Studio 10.0\VC\bin\CL.exe /c /ZI /nologo /W3 /WX- /Od /Oy- /D WIN32 /D _DEBUG /D _CONSOLE /D _UNICODE /D UNICODE /Gm /EHsc /RTC1 /MDd /GS /fp:precise /Zc:wchar_t /Zc:forScope /Fo"Debug\\" /Fd"Debug\vc100.pdb" /Gd /TP /analyze- /errorReport:prompt main.cpp
         main.cpp
       Link:
         C:\Program Files (x86)\Microsoft Visual Studio 10.0\VC\bin\link.exe /ERRORREPORT:PROMPT /OUT:"C:\Users\JH\Documents\Visual Studio 2010\Projects\TelnetClient\Debug\telnet.exe" /INCREMENTAL:NO /NOLOGO kernel32.lib user32.lib gdi32.lib winspool.lib comdlg32.lib advapi32.lib shell32.lib ole32.lib oleaut32.lib uuid.lib odbc32.lib odbccp32.lib /MANIFEST /ManifestFile:"Debug\telnet.exe.intermediate.manifest" /MANIFESTUAC:"level='asInvoker' uiAccess='false'" /DEBUG /PDB:"C:\Users\JH\Documents\Visual Studio 2010\Projects\TelnetClient\Debug\telnet.pdb" /SUBSYSTEM:CONSOLE /TLBID:1 /DYNAMICBASE /NXCOMPAT /IMPLIB:"C:\Users\JH\Documents\Visual Studio 2010\Projects\TelnetClient\Debug\telnet.lib" /MACHINE:X86 Debug\CMDHandler.obj
         Debug\main.obj
         Debug\telnet.obj
     1>CMDHandler.obj : warning LNK4075: ignoring '/EDITANDCONTINUE' due to '/INCREMENTAL:NO' specification
         telnet.vcxproj -> C:\Users\JH\Documents\Visual Studio 2010\Projects\TelnetClient\Debug\telnet.exe
       Manifest:
         C:\Program Files (x86)\Microsoft SDKs\Windows\v7.0A\bin\mt.exe /nologo /verbose /outputresource:"C:\Users\JH\Documents\Visual Studio 2010\Projects\TelnetClient\Debug\telnet.exe;#1" /manifest Debug\telnet.exe.intermediate.manifest
       FinalizeBuildStatus:
         Deleting file "Debug\telnet.unsuccessfulbuild".
         Touching "Debug\telnet.lastbuildstate".
     1>Done Building Project "C:\Users\JH\Documents\Visual Studio 2010\Projects\TelnetClient\telnet.vcxproj" (build target(s)).

Build succeeded.

Time Elapsed 00:00:00.70
