Removed Pin From Net: NetName=VCC Pin=C0-1
Removed Pin From Net: NetName=GND Pin=C0-2
Removed Pin From Net: NetName=VCC 9V Pin=C1-1
Removed Pin From Net: NetName=GND Pin=C1-2
Removed Pin From Net: NetName=GND Pin=C2-2
Removed Pin From Net: NetName=VCC Pin=C3-1
Removed Pin From Net: NetName=GND Pin=C3-2
Removed Pin From Net: NetName=GND Pin=D4-1
Removed Pin From Net: NetName=VCC 9V Pin=D4-2
Removed Pin From Net: NetName=GND Pin=P5-3
Removed Pin From Net: NetName=GND Pin=P5-5
Removed Pin From Net: NetName=VCC 9V Pin=P6-1
Removed Pin From Net: NetName=GND Pin=P6-2
Removed Pin From Net: NetName=VCC 9V Pin=P7-1
Removed Pin From Net: NetName=VCC Pin=P7-2
Removed Pin From Net: NetName=GND Pin=P7-4
Removed Pin From Net: NetName=VCC 9V Pin=U0-1
Removed Pin From Net: NetName=VCC Pin=U0-3
Removed Pin From Net: NetName=GND Pin=U0-4
Removed Pin From Net: NetName=VCC Pin=U1-1
Removed Pin From Net: NetName=GND Pin=U1-2
